This file contains any messages produced by compilers while
running configure, to aid debugging if configure makes a mistake.

It was created by CLHEP RefCount configure 2.1.3.1, which was
generated by GNU Autoconf 2.63.  Invocation command line was

  $ ./configure --disable-option-checking --prefix= --cache-file=/dev/null --srcdir=.

## --------- ##
## Platform. ##
## --------- ##

hostname = cms-cluster
uname -m = x86_64
uname -r = 2.6.32-573.el6.x86_64
uname -s = Linux
uname -v = #1 SMP Wed Jul 22 13:46:17 CDT 2015

/usr/bin/uname -p = unknown
/bin/uname -X     = unknown

/bin/arch              = x86_64
/usr/bin/arch -k       = unknown
/usr/convex/getsysinfo = unknown
/usr/bin/hostinfo      = unknown
/bin/machine           = unknown
/usr/bin/oslevel       = unknown
/bin/universe          = unknown

PATH: /cvmfs/cms.cern.ch/common
PATH: /cvmfs/cms.cern.ch/bin
PATH: /opt/apps/root_v5.34.36/bin
PATH: /var/spool/maui/bin
PATH: /storage/apps/mpich/bin
PATH: /usr/lib64/qt-3.3/bin
PATH: /bin
PATH: /usr/local/bin
PATH: /usr/bin
PATH: /usr/local/sbin
PATH: /usr/sbin
PATH: /sbin
PATH: /opt/ibutils/bin
PATH: /home/work/bhumika/bin


## ----------- ##
## Core tests. ##
## ----------- ##

configure:1874: checking build system type
configure:1892: result: x86_64-unknown-linux-gnu
configure:1914: checking host system type
configure:1929: result: x86_64-unknown-linux-gnu
configure:1951: checking target system type
configure:1966: result: x86_64-unknown-linux-gnu
configure:2011: checking for a BSD-compatible install
configure:2079: result: /usr/bin/install -c
configure:2090: checking whether build environment is sane
configure:2150: result: yes
configure:2291: checking for a thread-safe mkdir -p
configure:2330: result: /bin/mkdir -p
configure:2343: checking for gawk
configure:2359: found /bin/gawk
configure:2370: result: gawk
configure:2381: checking whether make sets $(MAKE)
configure:2403: result: yes
configure:2485: checking whether ln -s works
configure:2489: result: yes
configure:2510: checking for a BSD-compatible install
configure:2578: result: /usr/bin/install -c
configure:2632: checking for ranlib
configure:2648: found /usr/bin/ranlib
configure:2659: result: ranlib
configure:2863: checking for cl
configure:2893: result: no
configure:2863: checking for g++
configure:2879: found /usr/bin/g++
configure:2890: result: g++
configure:2917: checking for C++ compiler version
configure:2925: g++ --version >&5
g++ (GCC) 4.4.7 20120313 (Red Hat 4.4.7-16)
Copyright (C) 2010 Free Software Foundation, Inc.
This is free software; see the source for copying conditions.  There is NO
warranty; not even for MERCHANTABILITY or FITNESS FOR A PARTICULAR PURPOSE.

configure:2929: $? = 0
configure:2936: g++ -v >&5
Using built-in specs.
Target: x86_64-redhat-linux
Configured with: ../configure --prefix=/usr --mandir=/usr/share/man --infodir=/usr/share/info --with-bugurl=http://bugzilla.redhat.com/bugzilla --enable-bootstrap --enable-shared --enable-threads=posix --enable-checking=release --with-system-zlib --enable-__cxa_atexit --disable-libunwind-exceptions --enable-gnu-unique-object --enable-languages=c,c++,objc,obj-c++,java,fortran,ada --enable-java-awt=gtk --disable-dssi --with-java-home=/usr/lib/jvm/java-1.5.0-gcj-1.5.0.0/jre --enable-libgcj-multifile --enable-java-maintainer-mode --with-ecj-jar=/usr/share/java/eclipse-ecj.jar --disable-libjava-multilib --with-ppl --with-cloog --with-tune=generic --with-arch_32=i686 --build=x86_64-redhat-linux
Thread model: posix
gcc version 4.4.7 20120313 (Red Hat 4.4.7-16) (GCC) 
configure:2940: $? = 0
configure:2947: g++ -V >&5
g++: '-V' option must have argument
configure:2951: $? = 1
configure:2974: checking for C++ compiler default output file name
configure:2996: g++    conftest.cpp  >&5
configure:3000: $? = 0
configure:3038: result: a.out
configure:3057: checking whether the C++ compiler works
configure:3067: ./a.out
configure:3071: $? = 0
configure:3090: result: yes
configure:3097: checking whether we are cross compiling
configure:3099: result: no
configure:3102: checking for suffix of executables
configure:3109: g++ -o conftest    conftest.cpp  >&5
configure:3113: $? = 0
configure:3139: result: 
configure:3145: checking for suffix of object files
configure:3171: g++ -c   conftest.cpp >&5
configure:3175: $? = 0
configure:3200: result: o
configure:3204: checking whether we are using the GNU C++ compiler
configure:3233: g++ -c   conftest.cpp >&5
configure:3240: $? = 0
configure:3257: result: yes
configure:3266: checking whether g++ accepts -g
configure:3296: g++ -c -g  conftest.cpp >&5
configure:3303: $? = 0
configure:3404: result: yes
configure:3438: checking for style of include used by make
configure:3466: result: GNU
configure:3491: checking dependency style of g++
configure:3601: result: gcc3
configure:3632: checking how to run the C++ preprocessor
configure:3668: g++ -E  conftest.cpp
configure:3675: $? = 0
configure:3706: g++ -E  conftest.cpp
conftest.cpp:10:28: error: ac_nonexistent.h: No such file or directory
configure:3713: $? = 1
configure: failed program was:
| /* confdefs.h.  */
| #define PACKAGE_NAME "CLHEP RefCount"
| #define PACKAGE_TARNAME "RefCount"
| #define PACKAGE_VERSION "2.1.3.1"
| #define PACKAGE_STRING "CLHEP RefCount 2.1.3.1"
| #define PACKAGE_BUGREPORT "http://savannah.cern.ch/projects/clhep/"
| #define PACKAGE "RefCount"
| #define VERSION "2.1.3.1"
| /* end confdefs.h.  */
| #include <ac_nonexistent.h>
configure:3746: result: g++ -E
configure:3775: g++ -E  conftest.cpp
configure:3782: $? = 0
configure:3813: g++ -E  conftest.cpp
conftest.cpp:10:28: error: ac_nonexistent.h: No such file or directory
configure:3820: $? = 1
configure: failed program was:
| /* confdefs.h.  */
| #define PACKAGE_NAME "CLHEP RefCount"
| #define PACKAGE_TARNAME "RefCount"
| #define PACKAGE_VERSION "2.1.3.1"
| #define PACKAGE_STRING "CLHEP RefCount 2.1.3.1"
| #define PACKAGE_BUGREPORT "http://savannah.cern.ch/projects/clhep/"
| #define PACKAGE "RefCount"
| #define VERSION "2.1.3.1"
| /* end confdefs.h.  */
| #include <ac_nonexistent.h>
configure:4091: checking for open in -lc -Wl,--as-needed
configure:4126: g++ -o conftest -g -O2   conftest.cpp -lc -Wl,--as-needed   >&5
configure:4133: $? = 0
configure:4154: result: yes
configure:4343: creating ./config.status

## ---------------------- ##
## Running config.status. ##
## ---------------------- ##

This file was extended by CLHEP RefCount config.status 2.1.3.1, which was
generated by GNU Autoconf 2.63.  Invocation command line was

  CONFIG_FILES    = 
  CONFIG_HEADERS  = 
  CONFIG_LINKS    = 
  CONFIG_COMMANDS = 
  $ ./config.status 

on cms-cluster

config.status:801: creating Makefile
config.status:801: creating RefCount/Makefile
config.status:801: creating src/Makefile
config.status:801: creating RefCount-deps
config.status:801: creating RefCount/copy-header.pl
config.status:801: creating RefCount-config
config.status:801: creating RefCount/defs.h
config.status:1075: executing depfiles commands

## ---------------- ##
## Cache variables. ##
## ---------------- ##

ac_cv_build=x86_64-unknown-linux-gnu
ac_cv_cxx_compiler_gnu=yes
ac_cv_env_CCC_set=
ac_cv_env_CCC_value=
ac_cv_env_CPPFLAGS_set=
ac_cv_env_CPPFLAGS_value=
ac_cv_env_CXXCPP_set=
ac_cv_env_CXXCPP_value=
ac_cv_env_CXXFLAGS_set=
ac_cv_env_CXXFLAGS_value=
ac_cv_env_CXX_set=
ac_cv_env_CXX_value=
ac_cv_env_LDFLAGS_set=
ac_cv_env_LDFLAGS_value=
ac_cv_env_LIBS_set=
ac_cv_env_LIBS_value=
ac_cv_env_build_alias_set=
ac_cv_env_build_alias_value=
ac_cv_env_host_alias_set=
ac_cv_env_host_alias_value=
ac_cv_env_target_alias_set=
ac_cv_env_target_alias_value=
ac_cv_host=x86_64-unknown-linux-gnu
ac_cv_lib_c__Wl=yes
ac_cv_objext=o
ac_cv_path_install='/usr/bin/install -c'
ac_cv_path_mkdir=/bin/mkdir
ac_cv_prog_AWK=gawk
ac_cv_prog_CXXCPP='g++ -E'
ac_cv_prog_ac_ct_CXX=g++
ac_cv_prog_ac_ct_RANLIB=ranlib
ac_cv_prog_cxx_g=yes
ac_cv_prog_make_make_set=yes
ac_cv_target=x86_64-unknown-linux-gnu
am_cv_CXX_dependencies_compiler_type=gcc3

## ----------------- ##
## Output variables. ##
## ----------------- ##

ACLOCAL='${SHELL} /home/work/bhumika/work/shivani/CLHEP/2.1.3.1/CLHEP/RefCount/autotools/missing --run aclocal-1.11'
AMDEPBACKSLASH='\'
AMDEP_FALSE='#'
AMDEP_TRUE=''
AMTAR='${SHELL} /home/work/bhumika/work/shivani/CLHEP/2.1.3.1/CLHEP/RefCount/autotools/missing --run tar'
AM_CXXFLAGS='-O -ansi -pedantic -Wall -D_GNU_SOURCE'
AM_LDFLAGS=''
AR='ar'
ARFLAGS='cru'
AUTOCONF='${SHELL} /home/work/bhumika/work/shivani/CLHEP/2.1.3.1/CLHEP/RefCount/autotools/missing --run autoconf'
AUTOHEADER='${SHELL} /home/work/bhumika/work/shivani/CLHEP/2.1.3.1/CLHEP/RefCount/autotools/missing --run autoheader'
AUTOMAKE='${SHELL} /home/work/bhumika/work/shivani/CLHEP/2.1.3.1/CLHEP/RefCount/autotools/missing --run automake-1.11'
AWK='gawk'
BUILD_SHARED_FALSE='#'
BUILD_SHARED_TRUE=''
BUILD_STATIC_FALSE='#'
BUILD_STATIC_TRUE=''
BUILD_VISUAL_FALSE=''
BUILD_VISUAL_TRUE='#'
COPY_P='cp -p'
CPPFLAGS=''
CXX='g++'
CXXCPP='g++ -E'
CXXDEPMODE='depmode=gcc3'
CXXFLAGS='-g -O2'
CYGPATH_W='echo'
DEFS='-DHAVE_CONFIG_H'
DEPDIR='.deps'
DIFF_Q='diff -q -b'
ECHO_C=''
ECHO_N='-n'
ECHO_T=''
EXEEXT=''
INSTALL_DATA='${INSTALL} -m 644'
INSTALL_PROGRAM='${INSTALL}'
INSTALL_SCRIPT='${INSTALL}'
INSTALL_STRIP_PROGRAM='$(install_sh) -c -s'
LDFLAGS=''
LIBOBJS=''
LIBS=''
LN_S='ln -s'
LTLIBOBJS=''
MAKEINFO='${SHELL} /home/work/bhumika/work/shivani/CLHEP/2.1.3.1/CLHEP/RefCount/autotools/missing --run makeinfo'
MKDIR_P='/bin/mkdir -p'
MY_LD='-Wl,--rpath -Wl,'
MY_SHEXTRA='-Wl,--as-needed'
MY_SHFLAGS='-fPIC -DPIC'
MY_SHLINK='-shared -Wl,--no-undefined'
MY_SHNAME='-Wl,-soname,'
OBJEXT='o'
PACKAGE='RefCount'
PACKAGE_BUGREPORT='http://savannah.cern.ch/projects/clhep/'
PACKAGE_NAME='CLHEP RefCount'
PACKAGE_STRING='CLHEP RefCount 2.1.3.1'
PACKAGE_TARNAME='RefCount'
PACKAGE_VERSION='2.1.3.1'
PATH_SEPARATOR=':'
RANLIB='ranlib'
RefCount_CPPFLAGS='-I${prefix}/include'
RefCount_LDFLAGS='-L${exec_prefix}/lib'
RefCount_LIBS='-lCLHEP-RefCount-2.1.3.1'
SET_MAKE=''
SHELL='/bin/sh'
SHEXT='so'
STRIP=''
USE_GMAKE_FALSE=''
USE_GMAKE_TRUE='#'
VERSION='2.1.3.1'
ac_ct_CXX='g++'
am__EXEEXT_FALSE=''
am__EXEEXT_TRUE='#'
am__fastdepCXX_FALSE='#'
am__fastdepCXX_TRUE=''
am__include='include'
am__isrc=''
am__leading_dot='.'
am__quote=''
am__tar='${AMTAR} chof - "$$tardir"'
am__untar='${AMTAR} xf -'
bindir='${exec_prefix}/bin'
build='x86_64-unknown-linux-gnu'
build_alias=''
build_cpu='x86_64'
build_os='linux-gnu'
build_vendor='unknown'
datadir='${datarootdir}'
datarootdir='${prefix}/share'
docdir='${datarootdir}/doc/${PACKAGE_TARNAME}'
dvidir='${docdir}'
exec_prefix='${prefix}'
host='x86_64-unknown-linux-gnu'
host_alias=''
host_cpu='x86_64'
host_os='linux-gnu'
host_vendor='unknown'
htmldir='${docdir}'
includedir='${prefix}/include'
infodir='${datarootdir}/info'
install_sh='${SHELL} /home/work/bhumika/work/shivani/CLHEP/2.1.3.1/CLHEP/RefCount/autotools/install-sh'
libdir='${exec_prefix}/lib'
libexecdir='${exec_prefix}/libexec'
localedir='${datarootdir}/locale'
localstatedir='${prefix}/var'
mandir='${datarootdir}/man'
mkdir_p='/bin/mkdir -p'
oldincludedir='/usr/include'
pdfdir='${docdir}'
prefix=''
program_transform_name='s,x,x,'
psdir='${docdir}'
sbindir='${exec_prefix}/sbin'
sharedstatedir='${prefix}/com'
sysconfdir='${prefix}/etc'
target='x86_64-unknown-linux-gnu'
target_alias=''
target_cpu='x86_64'
target_os='linux-gnu'
target_vendor='unknown'

## ----------- ##
## confdefs.h. ##
## ----------- ##

#define PACKAGE_NAME "CLHEP RefCount"
#define PACKAGE_TARNAME "RefCount"
#define PACKAGE_VERSION "2.1.3.1"
#define PACKAGE_STRING "CLHEP RefCount 2.1.3.1"
#define PACKAGE_BUGREPORT "http://savannah.cern.ch/projects/clhep/"
#define PACKAGE "RefCount"
#define VERSION "2.1.3.1"

configure: exit 0

## ---------------------- ##
## Running config.status. ##
## ---------------------- ##

This file was extended by CLHEP RefCount config.status 2.1.3.1, which was
generated by GNU Autoconf 2.63.  Invocation command line was

  CONFIG_FILES    = 
  CONFIG_HEADERS  = 
  CONFIG_LINKS    = 
  CONFIG_COMMANDS = 
  $ ./config.status RefCount/defs.h

on cms-cluster

config.status:801: creating RefCount/defs.h
config.status:1023: RefCount/defs.h is unchanged
