This file contains any messages produced by compilers while
running configure, to aid debugging if configure makes a mistake.

It was created by CLHEP GenericFunctions configure 2.1.3.1, which was
generated by GNU Autoconf 2.63.  Invocation command line was

  $ ./configure --disable-option-checking --prefix= --cache-file=/dev/null --srcdir=.

## --------- ##
## Platform. ##
## --------- ##

hostname = cms-cluster
uname -m = x86_64
uname -r = 2.6.32-573.el6.x86_64
uname -s = Linux
uname -v = #1 SMP Wed Jul 22 13:46:17 CDT 2015

/usr/bin/uname -p = unknown
/bin/uname -X     = unknown

/bin/arch              = x86_64
/usr/bin/arch -k       = unknown
/usr/convex/getsysinfo = unknown
/usr/bin/hostinfo      = unknown
/bin/machine           = unknown
/usr/bin/oslevel       = unknown
/bin/universe          = unknown

PATH: /cvmfs/cms.cern.ch/common
PATH: /cvmfs/cms.cern.ch/bin
PATH: /opt/apps/root_v5.34.36/bin
PATH: /var/spool/maui/bin
PATH: /storage/apps/mpich/bin
PATH: /usr/lib64/qt-3.3/bin
PATH: /bin
PATH: /usr/local/bin
PATH: /usr/bin
PATH: /usr/local/sbin
PATH: /usr/sbin
PATH: /sbin
PATH: /opt/ibutils/bin
PATH: /home/work/bhumika/bin


## ----------- ##
## Core tests. ##
## ----------- ##

configure:1875: checking build system type
configure:1893: result: x86_64-unknown-linux-gnu
configure:1915: checking host system type
configure:1930: result: x86_64-unknown-linux-gnu
configure:1952: checking target system type
configure:1967: result: x86_64-unknown-linux-gnu
configure:2012: checking for a BSD-compatible install
configure:2080: result: /usr/bin/install -c
configure:2091: checking whether build environment is sane
configure:2151: result: yes
configure:2292: checking for a thread-safe mkdir -p
configure:2331: result: /bin/mkdir -p
configure:2344: checking for gawk
configure:2360: found /bin/gawk
configure:2371: result: gawk
configure:2382: checking whether make sets $(MAKE)
configure:2404: result: yes
configure:2500: checking for a BSD-compatible install
configure:2568: result: /usr/bin/install -c
configure:2579: checking whether ln -s works
configure:2583: result: yes
configure:2633: checking for ranlib
configure:2649: found /usr/bin/ranlib
configure:2660: result: ranlib
configure:2872: checking for cl
configure:2902: result: no
configure:2872: checking for g++
configure:2888: found /usr/bin/g++
configure:2899: result: g++
configure:2926: checking for C++ compiler version
configure:2934: g++ --version >&5
g++ (GCC) 4.4.7 20120313 (Red Hat 4.4.7-16)
Copyright (C) 2010 Free Software Foundation, Inc.
This is free software; see the source for copying conditions.  There is NO
warranty; not even for MERCHANTABILITY or FITNESS FOR A PARTICULAR PURPOSE.

configure:2938: $? = 0
configure:2945: g++ -v >&5
Using built-in specs.
Target: x86_64-redhat-linux
Configured with: ../configure --prefix=/usr --mandir=/usr/share/man --infodir=/usr/share/info --with-bugurl=http://bugzilla.redhat.com/bugzilla --enable-bootstrap --enable-shared --enable-threads=posix --enable-checking=release --with-system-zlib --enable-__cxa_atexit --disable-libunwind-exceptions --enable-gnu-unique-object --enable-languages=c,c++,objc,obj-c++,java,fortran,ada --enable-java-awt=gtk --disable-dssi --with-java-home=/usr/lib/jvm/java-1.5.0-gcj-1.5.0.0/jre --enable-libgcj-multifile --enable-java-maintainer-mode --with-ecj-jar=/usr/share/java/eclipse-ecj.jar --disable-libjava-multilib --with-ppl --with-cloog --with-tune=generic --with-arch_32=i686 --build=x86_64-redhat-linux
Thread model: posix
gcc version 4.4.7 20120313 (Red Hat 4.4.7-16) (GCC) 
configure:2949: $? = 0
configure:2956: g++ -V >&5
g++: '-V' option must have argument
configure:2960: $? = 1
configure:2983: checking for C++ compiler default output file name
configure:3005: g++    conftest.cpp  >&5
configure:3009: $? = 0
configure:3047: result: a.out
configure:3066: checking whether the C++ compiler works
configure:3076: ./a.out
configure:3080: $? = 0
configure:3099: result: yes
configure:3106: checking whether we are cross compiling
configure:3108: result: no
configure:3111: checking for suffix of executables
configure:3118: g++ -o conftest    conftest.cpp  >&5
configure:3122: $? = 0
configure:3148: result: 
configure:3154: checking for suffix of object files
configure:3180: g++ -c   conftest.cpp >&5
configure:3184: $? = 0
configure:3209: result: o
configure:3213: checking whether we are using the GNU C++ compiler
configure:3242: g++ -c   conftest.cpp >&5
configure:3249: $? = 0
configure:3266: result: yes
configure:3275: checking whether g++ accepts -g
configure:3305: g++ -c -g  conftest.cpp >&5
configure:3312: $? = 0
configure:3413: result: yes
configure:3447: checking for style of include used by make
configure:3475: result: GNU
configure:3500: checking dependency style of g++
configure:3610: result: gcc3
configure:3641: checking how to run the C++ preprocessor
configure:3677: g++ -E  conftest.cpp
configure:3684: $? = 0
configure:3715: g++ -E  conftest.cpp
conftest.cpp:10:28: error: ac_nonexistent.h: No such file or directory
configure:3722: $? = 1
configure: failed program was:
| /* confdefs.h.  */
| #define PACKAGE_NAME "CLHEP GenericFunctions"
| #define PACKAGE_TARNAME "GenericFunctions"
| #define PACKAGE_VERSION "2.1.3.1"
| #define PACKAGE_STRING "CLHEP GenericFunctions 2.1.3.1"
| #define PACKAGE_BUGREPORT "http://savannah.cern.ch/projects/clhep/"
| #define PACKAGE "GenericFunctions"
| #define VERSION "2.1.3.1"
| /* end confdefs.h.  */
| #include <ac_nonexistent.h>
configure:3755: result: g++ -E
configure:3784: g++ -E  conftest.cpp
configure:3791: $? = 0
configure:3822: g++ -E  conftest.cpp
conftest.cpp:10:28: error: ac_nonexistent.h: No such file or directory
configure:3829: $? = 1
configure: failed program was:
| /* confdefs.h.  */
| #define PACKAGE_NAME "CLHEP GenericFunctions"
| #define PACKAGE_TARNAME "GenericFunctions"
| #define PACKAGE_VERSION "2.1.3.1"
| #define PACKAGE_STRING "CLHEP GenericFunctions 2.1.3.1"
| #define PACKAGE_BUGREPORT "http://savannah.cern.ch/projects/clhep/"
| #define PACKAGE "GenericFunctions"
| #define VERSION "2.1.3.1"
| /* end confdefs.h.  */
| #include <ac_nonexistent.h>
configure:4100: checking for open in -lc -Wl,--as-needed
configure:4135: g++ -o conftest -g -O2   conftest.cpp -lc -Wl,--as-needed   >&5
configure:4142: $? = 0
configure:4163: result: yes
configure:4350: creating ./config.status

## ---------------------- ##
## Running config.status. ##
## ---------------------- ##

This file was extended by CLHEP GenericFunctions config.status 2.1.3.1, which was
generated by GNU Autoconf 2.63.  Invocation command line was

  CONFIG_FILES    = 
  CONFIG_HEADERS  = 
  CONFIG_LINKS    = 
  CONFIG_COMMANDS = 
  $ ./config.status 

on cms-cluster

config.status:804: creating Makefile
config.status:804: creating GenericFunctions/Makefile
config.status:804: creating src/Makefile
config.status:804: creating doc/Makefile
config.status:804: creating test/Makefile
config.status:804: creating GenericFunctions-deps
config.status:804: creating GenericFunctions/copy-header.pl
config.status:804: creating GenericFunctions-config
config.status:804: creating test/testGenericFunctions.sh
config.status:804: creating GenericFunctions/defs.h
config.status:1078: executing depfiles commands

## ---------------- ##
## Cache variables. ##
## ---------------- ##

ac_cv_build=x86_64-unknown-linux-gnu
ac_cv_cxx_compiler_gnu=yes
ac_cv_env_CCC_set=
ac_cv_env_CCC_value=
ac_cv_env_CPPFLAGS_set=
ac_cv_env_CPPFLAGS_value=
ac_cv_env_CXXCPP_set=
ac_cv_env_CXXCPP_value=
ac_cv_env_CXXFLAGS_set=
ac_cv_env_CXXFLAGS_value=
ac_cv_env_CXX_set=
ac_cv_env_CXX_value=
ac_cv_env_LDFLAGS_set=
ac_cv_env_LDFLAGS_value=
ac_cv_env_LIBS_set=
ac_cv_env_LIBS_value=
ac_cv_env_build_alias_set=
ac_cv_env_build_alias_value=
ac_cv_env_host_alias_set=
ac_cv_env_host_alias_value=
ac_cv_env_target_alias_set=
ac_cv_env_target_alias_value=
ac_cv_host=x86_64-unknown-linux-gnu
ac_cv_lib_c__Wl=yes
ac_cv_objext=o
ac_cv_path_install='/usr/bin/install -c'
ac_cv_path_mkdir=/bin/mkdir
ac_cv_prog_AWK=gawk
ac_cv_prog_CXXCPP='g++ -E'
ac_cv_prog_ac_ct_CXX=g++
ac_cv_prog_ac_ct_RANLIB=ranlib
ac_cv_prog_cxx_g=yes
ac_cv_prog_make_make_set=yes
ac_cv_target=x86_64-unknown-linux-gnu
am_cv_CXX_dependencies_compiler_type=gcc3

## ----------------- ##
## Output variables. ##
## ----------------- ##

ACLOCAL='${SHELL} /home/work/bhumika/work/shivani/CLHEP/2.1.3.1/CLHEP/GenericFunctions/autotools/missing --run aclocal-1.11'
AMDEPBACKSLASH='\'
AMDEP_FALSE='#'
AMDEP_TRUE=''
AMTAR='${SHELL} /home/work/bhumika/work/shivani/CLHEP/2.1.3.1/CLHEP/GenericFunctions/autotools/missing --run tar'
AM_CXXFLAGS='-O -ansi -pedantic -Wall -D_GNU_SOURCE'
AM_LDFLAGS=''
AR='ar'
ARFLAGS='cru'
AUTOCONF='${SHELL} /home/work/bhumika/work/shivani/CLHEP/2.1.3.1/CLHEP/GenericFunctions/autotools/missing --run autoconf'
AUTOHEADER='${SHELL} /home/work/bhumika/work/shivani/CLHEP/2.1.3.1/CLHEP/GenericFunctions/autotools/missing --run autoheader'
AUTOMAKE='${SHELL} /home/work/bhumika/work/shivani/CLHEP/2.1.3.1/CLHEP/GenericFunctions/autotools/missing --run automake-1.11'
AWK='gawk'
BUILD_SHARED_FALSE='#'
BUILD_SHARED_TRUE=''
BUILD_STATIC_FALSE='#'
BUILD_STATIC_TRUE=''
BUILD_VISUAL_FALSE=''
BUILD_VISUAL_TRUE='#'
COPY_P='cp -p'
CPPFLAGS=''
CXX='g++'
CXXCPP='g++ -E'
CXXDEPMODE='depmode=gcc3'
CXXFLAGS='-g -O2'
CYGPATH_W='echo'
DEFS='-DHAVE_CONFIG_H'
DEPDIR='.deps'
DIFF_Q='diff -q -b'
ECHO_C=''
ECHO_N='-n'
ECHO_T=''
EXEEXT=''
GenericFunctions_CPPFLAGS='-I${prefix}/include'
GenericFunctions_LDFLAGS='-L${exec_prefix}/lib'
GenericFunctions_LIBS='-lCLHEP-GenericFunctions-2.1.3.1'
INSTALL_DATA='${INSTALL} -m 644'
INSTALL_PROGRAM='${INSTALL}'
INSTALL_SCRIPT='${INSTALL}'
INSTALL_STRIP_PROGRAM='$(install_sh) -c -s'
LDFLAGS=''
LIBOBJS=''
LIBS=''
LN_S='ln -s'
LTLIBOBJS=''
MAKEINFO='${SHELL} /home/work/bhumika/work/shivani/CLHEP/2.1.3.1/CLHEP/GenericFunctions/autotools/missing --run makeinfo'
MKDIR_P='/bin/mkdir -p'
MY_LD='-Wl,--rpath -Wl,'
MY_SHEXTRA='-Wl,--as-needed'
MY_SHFLAGS='-fPIC -DPIC'
MY_SHLINK='-shared -Wl,--no-undefined'
MY_SHNAME='-Wl,-soname,'
OBJEXT='o'
PACKAGE='GenericFunctions'
PACKAGE_BUGREPORT='http://savannah.cern.ch/projects/clhep/'
PACKAGE_NAME='CLHEP GenericFunctions'
PACKAGE_STRING='CLHEP GenericFunctions 2.1.3.1'
PACKAGE_TARNAME='GenericFunctions'
PACKAGE_VERSION='2.1.3.1'
PATH_SEPARATOR=':'
RANLIB='ranlib'
SET_MAKE=''
SHELL='/bin/sh'
SHEXT='so'
STRIP=''
USE_GMAKE_FALSE=''
USE_GMAKE_TRUE='#'
VERSION='2.1.3.1'
ac_ct_CXX='g++'
am__EXEEXT_FALSE=''
am__EXEEXT_TRUE='#'
am__fastdepCXX_FALSE='#'
am__fastdepCXX_TRUE=''
am__include='include'
am__isrc=''
am__leading_dot='.'
am__quote=''
am__tar='${AMTAR} chof - "$$tardir"'
am__untar='${AMTAR} xf -'
bindir='${exec_prefix}/bin'
build='x86_64-unknown-linux-gnu'
build_alias=''
build_cpu='x86_64'
build_os='linux-gnu'
build_vendor='unknown'
datadir='${datarootdir}'
datarootdir='${prefix}/share'
docdir='${datarootdir}/doc/${PACKAGE_TARNAME}'
dvidir='${docdir}'
exec_prefix='${prefix}'
host='x86_64-unknown-linux-gnu'
host_alias=''
host_cpu='x86_64'
host_os='linux-gnu'
host_vendor='unknown'
htmldir='${docdir}'
includedir='${prefix}/include'
infodir='${datarootdir}/info'
install_sh='${SHELL} /home/work/bhumika/work/shivani/CLHEP/2.1.3.1/CLHEP/GenericFunctions/autotools/install-sh'
libdir='${exec_prefix}/lib'
libexecdir='${exec_prefix}/libexec'
localedir='${datarootdir}/locale'
localstatedir='${prefix}/var'
mandir='${datarootdir}/man'
mkdir_p='/bin/mkdir -p'
oldincludedir='/usr/include'
pdfdir='${docdir}'
prefix=''
program_transform_name='s,x,x,'
psdir='${docdir}'
sbindir='${exec_prefix}/sbin'
sharedstatedir='${prefix}/com'
sysconfdir='${prefix}/etc'
target='x86_64-unknown-linux-gnu'
target_alias=''
target_cpu='x86_64'
target_os='linux-gnu'
target_vendor='unknown'

## ----------- ##
## confdefs.h. ##
## ----------- ##

#define PACKAGE_NAME "CLHEP GenericFunctions"
#define PACKAGE_TARNAME "GenericFunctions"
#define PACKAGE_VERSION "2.1.3.1"
#define PACKAGE_STRING "CLHEP GenericFunctions 2.1.3.1"
#define PACKAGE_BUGREPORT "http://savannah.cern.ch/projects/clhep/"
#define PACKAGE "GenericFunctions"
#define VERSION "2.1.3.1"

configure: exit 0

## ---------------------- ##
## Running config.status. ##
## ---------------------- ##

This file was extended by CLHEP GenericFunctions config.status 2.1.3.1, which was
generated by GNU Autoconf 2.63.  Invocation command line was

  CONFIG_FILES    = 
  CONFIG_HEADERS  = 
  CONFIG_LINKS    = 
  CONFIG_COMMANDS = 
  $ ./config.status GenericFunctions/defs.h

on cms-cluster

config.status:804: creating GenericFunctions/defs.h
config.status:1026: GenericFunctions/defs.h is unchanged
