This file contains any messages produced by compilers while
running configure, to aid debugging if configure makes a mistake.

It was created by CLHEP configure 2.1.3.1, which was
generated by GNU Autoconf 2.63.  Invocation command line was

  $ ./configure --prefix=

## --------- ##
## Platform. ##
## --------- ##

hostname = cms-cluster
uname -m = x86_64
uname -r = 2.6.32-573.el6.x86_64
uname -s = Linux
uname -v = #1 SMP Wed Jul 22 13:46:17 CDT 2015

/usr/bin/uname -p = unknown
/bin/uname -X     = unknown

/bin/arch              = x86_64
/usr/bin/arch -k       = unknown
/usr/convex/getsysinfo = unknown
/usr/bin/hostinfo      = unknown
/bin/machine           = unknown
/usr/bin/oslevel       = unknown
/bin/universe          = unknown

PATH: /cvmfs/cms.cern.ch/common
PATH: /cvmfs/cms.cern.ch/bin
PATH: /opt/apps/root_v5.34.36/bin
PATH: /var/spool/maui/bin
PATH: /storage/apps/mpich/bin
PATH: /usr/lib64/qt-3.3/bin
PATH: /bin
PATH: /usr/local/bin
PATH: /usr/bin
PATH: /usr/local/sbin
PATH: /usr/sbin
PATH: /sbin
PATH: /opt/ibutils/bin
PATH: /home/work/bhumika/bin


## ----------- ##
## Core tests. ##
## ----------- ##

configure:1876: checking build system type
configure:1894: result: x86_64-unknown-linux-gnu
configure:1916: checking host system type
configure:1931: result: x86_64-unknown-linux-gnu
configure:1953: checking target system type
configure:1968: result: x86_64-unknown-linux-gnu
configure:2013: checking for a BSD-compatible install
configure:2081: result: /usr/bin/install -c
configure:2092: checking whether build environment is sane
configure:2152: result: yes
configure:2293: checking for a thread-safe mkdir -p
configure:2332: result: /bin/mkdir -p
configure:2345: checking for gawk
configure:2361: found /bin/gawk
configure:2372: result: gawk
configure:2383: checking whether make sets $(MAKE)
configure:2405: result: yes
configure:2501: checking for a BSD-compatible install
configure:2569: result: /usr/bin/install -c
configure:2580: checking whether ln -s works
configure:2584: result: yes
configure:2634: checking for ranlib
configure:2650: found /usr/bin/ranlib
configure:2661: result: ranlib
configure:2854: checking for cl
configure:2884: result: no
configure:2854: checking for g++
configure:2870: found /usr/bin/g++
configure:2881: result: g++
configure:2908: checking for C++ compiler version
configure:2916: g++ --version >&5
g++ (GCC) 4.4.7 20120313 (Red Hat 4.4.7-16)
Copyright (C) 2010 Free Software Foundation, Inc.
This is free software; see the source for copying conditions.  There is NO
warranty; not even for MERCHANTABILITY or FITNESS FOR A PARTICULAR PURPOSE.

configure:2920: $? = 0
configure:2927: g++ -v >&5
Using built-in specs.
Target: x86_64-redhat-linux
Configured with: ../configure --prefix=/usr --mandir=/usr/share/man --infodir=/usr/share/info --with-bugurl=http://bugzilla.redhat.com/bugzilla --enable-bootstrap --enable-shared --enable-threads=posix --enable-checking=release --with-system-zlib --enable-__cxa_atexit --disable-libunwind-exceptions --enable-gnu-unique-object --enable-languages=c,c++,objc,obj-c++,java,fortran,ada --enable-java-awt=gtk --disable-dssi --with-java-home=/usr/lib/jvm/java-1.5.0-gcj-1.5.0.0/jre --enable-libgcj-multifile --enable-java-maintainer-mode --with-ecj-jar=/usr/share/java/eclipse-ecj.jar --disable-libjava-multilib --with-ppl --with-cloog --with-tune=generic --with-arch_32=i686 --build=x86_64-redhat-linux
Thread model: posix
gcc version 4.4.7 20120313 (Red Hat 4.4.7-16) (GCC) 
configure:2931: $? = 0
configure:2938: g++ -V >&5
g++: '-V' option must have argument
configure:2942: $? = 1
configure:2965: checking for C++ compiler default output file name
configure:2987: g++    conftest.cpp  >&5
configure:2991: $? = 0
configure:3029: result: a.out
configure:3048: checking whether the C++ compiler works
configure:3058: ./a.out
configure:3062: $? = 0
configure:3081: result: yes
configure:3088: checking whether we are cross compiling
configure:3090: result: no
configure:3093: checking for suffix of executables
configure:3100: g++ -o conftest    conftest.cpp  >&5
configure:3104: $? = 0
configure:3130: result: 
configure:3136: checking for suffix of object files
configure:3162: g++ -c   conftest.cpp >&5
configure:3166: $? = 0
configure:3191: result: o
configure:3195: checking whether we are using the GNU C++ compiler
configure:3224: g++ -c   conftest.cpp >&5
configure:3231: $? = 0
configure:3248: result: yes
configure:3257: checking whether g++ accepts -g
configure:3287: g++ -c -g  conftest.cpp >&5
configure:3294: $? = 0
configure:3395: result: yes
configure:3429: checking for style of include used by make
configure:3457: result: GNU
configure:3482: checking dependency style of g++
configure:3592: result: none
configure:3623: checking how to run the C++ preprocessor
configure:3659: g++ -E  conftest.cpp
configure:3666: $? = 0
configure:3697: g++ -E  conftest.cpp
conftest.cpp:10:28: error: ac_nonexistent.h: No such file or directory
configure:3704: $? = 1
configure: failed program was:
| /* confdefs.h.  */
| #define PACKAGE_NAME "CLHEP"
| #define PACKAGE_TARNAME "clhep"
| #define PACKAGE_VERSION "2.1.3.1"
| #define PACKAGE_STRING "CLHEP 2.1.3.1"
| #define PACKAGE_BUGREPORT "http://savannah.cern.ch/projects/clhep/ "
| #define PACKAGE "clhep"
| #define VERSION "2.1.3.1"
| /* end confdefs.h.  */
| #include <ac_nonexistent.h>
configure:3737: result: g++ -E
configure:3766: g++ -E  conftest.cpp
configure:3773: $? = 0
configure:3804: g++ -E  conftest.cpp
conftest.cpp:10:28: error: ac_nonexistent.h: No such file or directory
configure:3811: $? = 1
configure: failed program was:
| /* confdefs.h.  */
| #define PACKAGE_NAME "CLHEP"
| #define PACKAGE_TARNAME "clhep"
| #define PACKAGE_VERSION "2.1.3.1"
| #define PACKAGE_STRING "CLHEP 2.1.3.1"
| #define PACKAGE_BUGREPORT "http://savannah.cern.ch/projects/clhep/ "
| #define PACKAGE "clhep"
| #define VERSION "2.1.3.1"
| /* end confdefs.h.  */
| #include <ac_nonexistent.h>
configure:4082: checking for open in -lc -Wl,--as-needed
configure:4117: g++ -o conftest -g -O2   conftest.cpp -lc -Wl,--as-needed   >&5
configure:4124: $? = 0
configure:4145: result: yes
configure:4345: creating ./config.status

## ---------------------- ##
## Running config.status. ##
## ---------------------- ##

This file was extended by CLHEP config.status 2.1.3.1, which was
generated by GNU Autoconf 2.63.  Invocation command line was

  CONFIG_FILES    = 
  CONFIG_HEADERS  = 
  CONFIG_LINKS    = 
  CONFIG_COMMANDS = 
  $ ./config.status 

on cms-cluster

config.status:732: creating Makefile
config.status:732: creating getObjectList
config.status:732: creating makeSourceDist
config.status:732: creating makeBinaryTar
config.status:732: creating build-clheplib
config.status:732: creating build-header
config.status:732: creating clhep-config
config.status:943: executing depfiles commands
configure:5561: === configuring in Units (/home/work/bhumika/work/shivani/CLHEP/2.1.3.1/CLHEP/Units)
configure:5664: running /bin/sh ./configure --disable-option-checking '--prefix='  --cache-file=/dev/null --srcdir=.
configure:5561: === configuring in Utility (/home/work/bhumika/work/shivani/CLHEP/2.1.3.1/CLHEP/Utility)
configure:5664: running /bin/sh ./configure --disable-option-checking '--prefix='  --cache-file=/dev/null --srcdir=.
configure:5561: === configuring in Vector (/home/work/bhumika/work/shivani/CLHEP/2.1.3.1/CLHEP/Vector)
configure:5664: running /bin/sh ./configure --disable-option-checking '--prefix='  --cache-file=/dev/null --srcdir=.
configure:5561: === configuring in Evaluator (/home/work/bhumika/work/shivani/CLHEP/2.1.3.1/CLHEP/Evaluator)
configure:5664: running /bin/sh ./configure --disable-option-checking '--prefix='  --cache-file=/dev/null --srcdir=.
configure:5561: === configuring in GenericFunctions (/home/work/bhumika/work/shivani/CLHEP/2.1.3.1/CLHEP/GenericFunctions)
configure:5664: running /bin/sh ./configure --disable-option-checking '--prefix='  --cache-file=/dev/null --srcdir=.
configure:5561: === configuring in Geometry (/home/work/bhumika/work/shivani/CLHEP/2.1.3.1/CLHEP/Geometry)
configure:5664: running /bin/sh ./configure --disable-option-checking '--prefix='  --cache-file=/dev/null --srcdir=.
configure:5561: === configuring in Random (/home/work/bhumika/work/shivani/CLHEP/2.1.3.1/CLHEP/Random)
configure:5664: running /bin/sh ./configure --disable-option-checking '--prefix='  --cache-file=/dev/null --srcdir=.
configure:5561: === configuring in Matrix (/home/work/bhumika/work/shivani/CLHEP/2.1.3.1/CLHEP/Matrix)
configure:5664: running /bin/sh ./configure --disable-option-checking '--prefix='  --cache-file=/dev/null --srcdir=.
configure:5561: === configuring in RandomObjects (/home/work/bhumika/work/shivani/CLHEP/2.1.3.1/CLHEP/RandomObjects)
configure:5664: running /bin/sh ./configure --disable-option-checking '--prefix='  --cache-file=/dev/null --srcdir=.
configure:5561: === configuring in RefCount (/home/work/bhumika/work/shivani/CLHEP/2.1.3.1/CLHEP/RefCount)
configure:5664: running /bin/sh ./configure --disable-option-checking '--prefix='  --cache-file=/dev/null --srcdir=.
configure:5561: === configuring in Cast (/home/work/bhumika/work/shivani/CLHEP/2.1.3.1/CLHEP/Cast)
configure:5664: running /bin/sh ./configure --disable-option-checking '--prefix='  --cache-file=/dev/null --srcdir=.
configure:5561: === configuring in Exceptions (/home/work/bhumika/work/shivani/CLHEP/2.1.3.1/CLHEP/Exceptions)
configure:5664: running /bin/sh ./configure --disable-option-checking '--prefix='  --cache-file=/dev/null --srcdir=.

## ---------------- ##
## Cache variables. ##
## ---------------- ##

ac_cv_build=x86_64-unknown-linux-gnu
ac_cv_cxx_compiler_gnu=yes
ac_cv_env_CCC_set=
ac_cv_env_CCC_value=
ac_cv_env_CPPFLAGS_set=
ac_cv_env_CPPFLAGS_value=
ac_cv_env_CXXCPP_set=
ac_cv_env_CXXCPP_value=
ac_cv_env_CXXFLAGS_set=
ac_cv_env_CXXFLAGS_value=
ac_cv_env_CXX_set=
ac_cv_env_CXX_value=
ac_cv_env_LDFLAGS_set=
ac_cv_env_LDFLAGS_value=
ac_cv_env_LIBS_set=
ac_cv_env_LIBS_value=
ac_cv_env_build_alias_set=
ac_cv_env_build_alias_value=
ac_cv_env_host_alias_set=
ac_cv_env_host_alias_value=
ac_cv_env_target_alias_set=
ac_cv_env_target_alias_value=
ac_cv_host=x86_64-unknown-linux-gnu
ac_cv_lib_c__Wl=yes
ac_cv_objext=o
ac_cv_path_install='/usr/bin/install -c'
ac_cv_path_mkdir=/bin/mkdir
ac_cv_prog_AWK=gawk
ac_cv_prog_CXXCPP='g++ -E'
ac_cv_prog_ac_ct_CXX=g++
ac_cv_prog_ac_ct_RANLIB=ranlib
ac_cv_prog_cxx_g=yes
ac_cv_prog_make_make_set=yes
ac_cv_target=x86_64-unknown-linux-gnu
am_cv_CXX_dependencies_compiler_type=none

## ----------------- ##
## Output variables. ##
## ----------------- ##

ACLOCAL='${SHELL} /home/work/bhumika/work/shivani/CLHEP/2.1.3.1/CLHEP/missing --run aclocal-1.11'
AMDEPBACKSLASH='\'
AMDEP_FALSE='#'
AMDEP_TRUE=''
AMTAR='${SHELL} /home/work/bhumika/work/shivani/CLHEP/2.1.3.1/CLHEP/missing --run tar'
AM_CXXFLAGS='-O -ansi -pedantic -Wall -D_GNU_SOURCE'
AM_LDFLAGS=''
AR='ar'
ARFLAGS='cru'
AUTOCONF='${SHELL} /home/work/bhumika/work/shivani/CLHEP/2.1.3.1/CLHEP/missing --run autoconf'
AUTOHEADER='${SHELL} /home/work/bhumika/work/shivani/CLHEP/2.1.3.1/CLHEP/missing --run autoheader'
AUTOMAKE='${SHELL} /home/work/bhumika/work/shivani/CLHEP/2.1.3.1/CLHEP/missing --run automake-1.11'
AWK='gawk'
BUILD_SHARED_FALSE='#'
BUILD_SHARED_TRUE=''
BUILD_STATIC_FALSE='#'
BUILD_STATIC_TRUE=''
BUILD_VISUAL_FALSE=''
BUILD_VISUAL_TRUE='#'
COPY_P='cp -p'
CPPFLAGS=''
CXX='g++'
CXXCPP='g++ -E'
CXXDEPMODE='depmode=none'
CXXFLAGS='-g -O2'
CYGPATH_W='echo'
DEFS='-DPACKAGE_NAME=\"CLHEP\" -DPACKAGE_TARNAME=\"clhep\" -DPACKAGE_VERSION=\"2.1.3.1\" -DPACKAGE_STRING=\"CLHEP\ 2.1.3.1\" -DPACKAGE_BUGREPORT=\"http://savannah.cern.ch/projects/clhep/\ \" -DPACKAGE=\"clhep\" -DVERSION=\"2.1.3.1\"'
DEPDIR='.deps'
DIFF_Q='diff -q -b'
ECHO_C=''
ECHO_N='-n'
ECHO_T=''
EXEEXT=''
INSTALL_DATA='${INSTALL} -m 644'
INSTALL_PROGRAM='${INSTALL}'
INSTALL_SCRIPT='${INSTALL}'
INSTALL_STRIP_PROGRAM='$(install_sh) -c -s'
LDFLAGS=''
LIBOBJS=''
LIBS=''
LN_S='ln -s'
LTLIBOBJS=''
MAKEINFO='${SHELL} /home/work/bhumika/work/shivani/CLHEP/2.1.3.1/CLHEP/missing --run makeinfo'
MKDIR_P='/bin/mkdir -p'
MY_LD='-Wl,--rpath -Wl,'
MY_SHEXTRA='-Wl,--as-needed'
MY_SHFLAGS='-fPIC -DPIC'
MY_SHLINK='-shared -Wl,--no-undefined'
MY_SHNAME='-Wl,-soname,'
OBJEXT='o'
PACKAGE='clhep'
PACKAGE_BUGREPORT='http://savannah.cern.ch/projects/clhep/ '
PACKAGE_NAME='CLHEP'
PACKAGE_STRING='CLHEP 2.1.3.1'
PACKAGE_TARNAME='clhep'
PACKAGE_VERSION='2.1.3.1'
PATH_SEPARATOR=':'
RANLIB='ranlib'
SET_MAKE=''
SHELL='/bin/sh'
SHEXT='so'
STRIP=''
USE_GMAKE_FALSE=''
USE_GMAKE_TRUE='#'
VERSION='2.1.3.1'
ac_ct_CXX='g++'
am__EXEEXT_FALSE=''
am__EXEEXT_TRUE='#'
am__fastdepCXX_FALSE=''
am__fastdepCXX_TRUE='#'
am__include='include'
am__isrc=''
am__leading_dot='.'
am__quote=''
am__tar='${AMTAR} chof - "$$tardir"'
am__untar='${AMTAR} xf -'
bindir='${exec_prefix}/bin'
build='x86_64-unknown-linux-gnu'
build_alias=''
build_cpu='x86_64'
build_os='linux-gnu'
build_vendor='unknown'
datadir='${datarootdir}'
datarootdir='${prefix}/share'
docdir='${datarootdir}/doc/${PACKAGE_TARNAME}'
dvidir='${docdir}'
exec_prefix='${prefix}'
host='x86_64-unknown-linux-gnu'
host_alias=''
host_cpu='x86_64'
host_os='linux-gnu'
host_vendor='unknown'
htmldir='${docdir}'
includedir='${prefix}/include'
infodir='${datarootdir}/info'
install_sh='${SHELL} /home/work/bhumika/work/shivani/CLHEP/2.1.3.1/CLHEP/install-sh'
libdir='${exec_prefix}/lib'
libexecdir='${exec_prefix}/libexec'
localedir='${datarootdir}/locale'
localstatedir='${prefix}/var'
mandir='${datarootdir}/man'
mkdir_p='/bin/mkdir -p'
oldincludedir='/usr/include'
pdfdir='${docdir}'
prefix=''
program_transform_name='s,x,x,'
psdir='${docdir}'
sbindir='${exec_prefix}/sbin'
sharedstatedir='${prefix}/com'
subdirs=' Units Utility Vector Evaluator GenericFunctions Geometry Random Matrix RandomObjects RefCount Cast Exceptions'
sysconfdir='${prefix}/etc'
target='x86_64-unknown-linux-gnu'
target_alias=''
target_cpu='x86_64'
target_os='linux-gnu'
target_vendor='unknown'
use_exceptions='#undef  ENABLE_ZOOM_EXCEPTIONS'

## ----------- ##
## confdefs.h. ##
## ----------- ##

#define PACKAGE_NAME "CLHEP"
#define PACKAGE_TARNAME "clhep"
#define PACKAGE_VERSION "2.1.3.1"
#define PACKAGE_STRING "CLHEP 2.1.3.1"
#define PACKAGE_BUGREPORT "http://savannah.cern.ch/projects/clhep/ "
#define PACKAGE "clhep"
#define VERSION "2.1.3.1"

configure: exit 0
