#
#                              ======================
#                              | THE SUSYHIT OUTPUT |
#                              ======================
#
#
#              ------------------------------------------------------
#              |     This is the output of the SUSY-HIT package     |
#              |  created by A.Djouadi, M.Muehlleitner and M.Spira. |
#              |  In case of problems with SUSY-HIT email to        |
#              |           margarete.muehlleitner@kit.edu           |
#              |           michael.spira@psi.ch                     |
#              |           abdelhak.djouadi@cern.ch                 |
#              ------------------------------------------------------
#
#              ------------------------------------------------------
#              |  SUSY Les Houches Accord - MSSM Spectrum + Decays  |
#              |              based on the decay programs           |
#              |                                                    |
#              |                     SDECAY 1.5                     |
#              |                                                    |
#              |  Authors: M.Muhlleitner, A.Djouadi and Y.Mambrini  |
#              |  Ref.:    Comput.Phys.Commun.168(2005)46           |
#              |           [hep-ph/0311167]                         |
#              |                                                    |
#              |                     HDECAY 3.4                     |
#              |                                                    |
#              |  By: A.Djouadi,J.Kalinowski,M.Muhlleitner,M.Spira  |
#              |  Ref.:    Comput.Phys.Commun.108(1998)56           |
#              |           [hep-ph/9704448]                         |
#              |                                                    |
#              |                                                    |
#              |  If not stated otherwise all DRbar couplings and   |
#              |  soft SUSY breaking masses are given at the scale  |
#              |  Q=  0.77720449E+03
#              |                                                    |
#              ------------------------------------------------------
#
#
BLOCK DCINFO  # Decay Program information
     1   SDECAY/HDECAY # decay calculator
     2   1.5  /3.4    # version number
#
BLOCK SPINFO  # Spectrum calculator information
     1   SuSpect     # RGE +Spectrum calculator            
     2   2.41        # version number                      
#
BLOCK MODSEL  # Model selection
     1     0   # #general MSSM low scale                           
#
BLOCK SMINPUTS  # Standard Model inputs
         1     1.27934000E+02   # alpha_em^-1(M_Z)^MSbar
         2     1.16639000E-05   # G_F [GeV^-2]
         3     1.17200000E-01   # alpha_S(M_Z)^MSbar
         4     9.11870000E+01   # M_Z pole mass
         5     4.25000000E+00   # mb(mb)^MSbar
         6     1.73100000E+02   # mt pole mass
         7     1.77710000E+00   # mtau pole mass
#
BLOCK MINPAR  # Input parameters - minimal models
         3     1.50000000E+01   # tanbeta(mZ)         
#
BLOCK EXTPAR  # Input parameters - non-minimal models
         0     7.77204487E+02   # EWSB                
         1     2.75000000E+02   # M_1                 
         2     1.00000000E+03   # M_2                 
         3     2.00000000E+03   # M_3                 
        11     2.00000000E+03   # A_t                 
        12    -0.00000000E+00   # A_b                 
        13    -0.00000000E+00   # A_tau               
        14    -0.00000000E+00   # A_u                 
        15    -0.00000000E+00   # A_d                 
        16    -0.00000000E+00   # A_e                 
        23     4.20000000E+02   # mu(EWSB)            
        25     1.50000000E+01   # tanbeta(in)         
        26     1.00000000E+03   # MA_pole             
        31     2.00000000E+03   # M_eL                
        32     2.00000000E+03   # M_muL               
        33     2.00000000E+03   # M_tauL              
        34     2.00000000E+03   # M_eR                
        35     2.00000000E+03   # M_muR               
        36     2.00000000E+03   # M_tauR              
        41     2.00000000E+03   # M_q1L               
        42     2.00000000E+03   # M_q2L               
        43     3.00000000E+03   # M_q3L               
        44     2.00000000E+03   # M_uR                
        45     2.00000000E+03   # M_cR                
        46     1.70000000E+02   # M_tR                
        47     2.00000000E+03   # M_dR                
        48     2.00000000E+03   # M_sR                
        49     2.00000000E+03   # M_bR                
#
BLOCK MASS  # Mass Spectrum
# PDG code           mass       particle
        24     8.05446362E+01   # W+
        25     1.22323243E+02   # h
        35     1.00012014E+03   # H
        36     1.00000000E+03   # A
        37     1.00302485E+03   # H+
         5     4.87877839E+00   # b-quark pole mass calculated from mb(mb)_Msbar
   1000001     2.00487325E+03   # ~d_L
   2000001     2.00420089E+03   # ~d_R
   1000002     2.00336771E+03   # ~u_L
   2000002     2.00371968E+03   # ~u_R
   1000003     2.00487325E+03   # ~s_L
   2000003     2.00420089E+03   # ~s_R
   1000004     2.00336771E+03   # ~c_L
   2000004     2.00371968E+03   # ~c_R
   1000005     2.00419133E+03   # ~b_1
   2000005     2.99809799E+03   # ~b_2
   1000006     3.61154278E+02   # ~t_1
   2000006     3.01019679E+03   # ~t_2
   1000011     2.00051320E+03   # ~e_L
   2000011     2.00048209E+03   # ~e_R
   1000012     1.99900434E+03   # ~nu_eL
   1000013     2.00051320E+03   # ~mu_L
   2000013     2.00048209E+03   # ~mu_R
   1000014     1.99900434E+03   # ~nu_muL
   1000015     1.99780105E+03   # ~tau_1
   2000015     2.00319217E+03   # ~tau_2
   1000016     1.99900434E+03   # ~nu_tauL
   1000021     2.05592590E+03   # ~g
   1000022     2.71528897E+02   # ~chi_10
   1000023     4.25595862E+02   # ~chi_20
   1000025    -4.26819847E+02   # ~chi_30
   1000035     1.04009833E+03   # ~chi_40
   1000024     4.19979061E+02   # ~chi_1+
   1000037     1.04009863E+03   # ~chi_2+
#
BLOCK NMIX  # Neutralino Mixing Matrix
  1  1     9.74864608E-01   # N_11
  1  2    -1.40794775E-02   # N_12
  1  3     1.83910226E-01   # N_13
  1  4    -1.24971169E-01   # N_14
  2  1     2.18873544E-01   # N_21
  2  2     9.42961105E-02   # N_22
  2  3    -6.85474700E-01   # N_23
  2  4     6.87987683E-01   # N_24
  3  1     4.12705398E-02   # N_31
  3  2    -3.52426055E-02   # N_32
  3  3    -7.03193511E-01   # N_33
  3  4    -7.08924246E-01   # N_34
  4  1     5.48727922E-03   # N_41
  4  2    -9.94820572E-01   # N_42
  4  3    -4.26655696E-02   # N_43
  4  4     9.20954305E-02   # N_44
#
BLOCK UMIX  # Chargino Mixing Matrix U
  1  1    -6.02952759E-02   # U_11
  1  2     9.98180585E-01   # U_12
  2  1     9.98180585E-01   # U_21
  2  2     6.02952759E-02   # U_22
#
BLOCK VMIX  # Chargino Mixing Matrix V
  1  1    -1.30252378E-01   # V_11
  1  2     9.91480871E-01   # V_12
  2  1     9.91480871E-01   # V_21
  2  2     1.30252378E-01   # V_22
#
BLOCK STOPMIX  # Stop Mixing Matrix
  1  1    -3.47406430E-02   # cos(theta_t)
  1  2     9.99396362E-01   # sin(theta_t)
  2  1    -9.99396362E-01   # -sin(theta_t)
  2  2    -3.47406430E-02   # cos(theta_t)
#
BLOCK SBOTMIX  # Sbottom Mixing Matrix
  1  1     2.96441961E-03   # cos(theta_b)
  1  2     9.99995606E-01   # sin(theta_b)
  2  1    -9.99995606E-01   # -sin(theta_b)
  2  2     2.96441961E-03   # cos(theta_b)
#
BLOCK STAUMIX  # Stau Mixing Matrix
  1  1     7.05064104E-01   # cos(theta_tau)
  1  2     7.09143574E-01   # sin(theta_tau)
  2  1    -7.09143574E-01   # -sin(theta_tau)
  2  2     7.05064104E-01   # cos(theta_tau)
#
BLOCK ALPHA  # Higgs mixing
          -7.04404472E-02   # Mixing angle in the neutral Higgs boson sector
#
BLOCK HMIX Q=  7.77204487E+02  # DRbar Higgs Parameters
         1     4.20000000E+02   # mu(Q)               
         2     1.45374746E+01   # tanbeta(Q)          
         3     2.44463710E+02   # vev(Q)              
         4     6.69389963E+05   # MA^2(Q)             
#
BLOCK GAUGE Q=  7.77204487E+02  # The gauge couplings
     1     3.60985409E-01   # gprime(Q) DRbar
     2     6.38551190E-01   # g(Q) DRbar
     3     1.04528504E+00   # g3(Q) DRbar
#
BLOCK AU Q=  7.77204487E+02  # The trilinear couplings
  1  1    -0.00000000E+00   # A_u(Q) DRbar
  2  2    -0.00000000E+00   # A_c(Q) DRbar
  3  3     2.00000000E+03   # A_t(Q) DRbar
#
BLOCK AD Q=  7.77204487E+02  # The trilinear couplings
  1  1    -0.00000000E+00   # A_d(Q) DRbar
  2  2    -0.00000000E+00   # A_s(Q) DRbar
  3  3    -0.00000000E+00   # A_b(Q) DRbar
#
BLOCK AE Q=  7.77204487E+02  # The trilinear couplings
  1  1    -0.00000000E+00   # A_e(Q) DRbar
  2  2    -0.00000000E+00   # A_mu(Q) DRbar
  3  3    -0.00000000E+00   # A_tau(Q) DRbar
#
BLOCK Yu Q=  7.77204487E+02  # The Yukawa couplings
  1  1     0.00000000E+00   # y_u(Q) DRbar
  2  2     0.00000000E+00   # y_c(Q) DRbar
  3  3     8.70795780E-01   # y_t(Q) DRbar
#
BLOCK Yd Q=  7.77204487E+02  # The Yukawa couplings
  1  1     0.00000000E+00   # y_d(Q) DRbar
  2  2     0.00000000E+00   # y_s(Q) DRbar
  3  3     2.04749382E-01   # y_b(Q) DRbar
#
BLOCK Ye Q=  7.77204487E+02  # The Yukawa couplings
  1  1     0.00000000E+00   # y_e(Q) DRbar
  2  2     0.00000000E+00   # y_mu(Q) DRbar
  3  3     1.48895958E-01   # y_tau(Q) DRbar
#
BLOCK MSOFT Q=  7.77204487E+02  # The soft SUSY breaking masses at the scale Q
         1     2.75000000E+02   # M_1                 
         2     1.00000000E+03   # M_2                 
         3     2.00000000E+03   # M_3                 
        14    -0.00000000E+00   # A_u                 
        15    -0.00000000E+00   # A_d                 
        16    -0.00000000E+00   # A_e                 
        21     7.92647758E+05   # M^2_Hd              
        22    -5.04525767E+05   # M^2_Hu              
        31     2.00000000E+03   # M_eL                
        32     2.00000000E+03   # M_muL               
        33     2.00000000E+03   # M_tauL              
        34     2.00000000E+03   # M_eR                
        35     2.00000000E+03   # M_muR               
        36     2.00000000E+03   # M_tauR              
        41     2.00000000E+03   # M_q1L               
        42     2.00000000E+03   # M_q2L               
        43     3.00000000E+03   # M_q3L               
        44     2.00000000E+03   # M_uR                
        45     2.00000000E+03   # M_cR                
        46     1.70000000E+02   # M_tR                
        47     2.00000000E+03   # M_dR                
        48     2.00000000E+03   # M_sR                
        49     2.00000000E+03   # M_bR                
#
#
#
#                             =================
#                             |The decay table|
#                             =================
#
# - The QCD corrections to the decays gluino -> squark  + quark
#                                     squark -> gaugino + quark_prime
#                                     squark -> squark_prime + Higgs
#                                     squark -> gluino  + quark
#   are included.
#
# - The multi-body decays for the inos, stops and sbottoms are included.
#
# - The loop induced decays for the gluino, neutralinos and stops
#   are included.
#
# - The SUSY decays of the top quark are included.
#
#
#         PDG            Width
DECAY         6     1.42625909E+00   # top decays
#          BR         NDA      ID1       ID2
     1.00000000E+00    2           5        24   # BR(t ->  b    W+)
#
#         PDG            Width
DECAY   1000021     3.56319978E+01   # gluino decays
#          BR         NDA      ID1       ID2
     1.37271794E-03    2     1000001        -1   # BR(~g -> ~d_L  db)
     1.37271794E-03    2    -1000001         1   # BR(~g -> ~d_L* d )
     1.40864666E-03    2     2000001        -1   # BR(~g -> ~d_R  db)
     1.40864666E-03    2    -2000001         1   # BR(~g -> ~d_R* d )
     1.45379591E-03    2     1000002        -2   # BR(~g -> ~u_L  ub)
     1.45379591E-03    2    -1000002         2   # BR(~g -> ~u_L* u )
     1.43463839E-03    2     2000002        -2   # BR(~g -> ~u_R  ub)
     1.43463839E-03    2    -2000002         2   # BR(~g -> ~u_R* u )
     1.37271794E-03    2     1000003        -3   # BR(~g -> ~s_L  sb)
     1.37271794E-03    2    -1000003         3   # BR(~g -> ~s_L* s )
     1.40864666E-03    2     2000003        -3   # BR(~g -> ~s_R  sb)
     1.40864666E-03    2    -2000003         3   # BR(~g -> ~s_R* s )
     1.45379591E-03    2     1000004        -4   # BR(~g -> ~c_L  cb)
     1.45379591E-03    2    -1000004         4   # BR(~g -> ~c_L* c )
     1.43463839E-03    2     2000004        -4   # BR(~g -> ~c_R  cb)
     1.43463839E-03    2    -2000004         4   # BR(~g -> ~c_R* c )
     1.40410340E-03    2     1000005        -5   # BR(~g -> ~b_1  bb)
     1.40410340E-03    2    -1000005         5   # BR(~g -> ~b_1* b )
     4.87256299E-01    2     1000006        -6   # BR(~g -> ~t_1  tb)
     4.87256299E-01    2    -1000006         6   # BR(~g -> ~t_1* t )
#
#         PDG            Width
DECAY   1000006     3.64622358E-08   # stop1 decays
#          BR         NDA      ID1       ID2
     7.08546266E-04    2     1000022         4   # BR(~t_1 -> ~chi_10 c )
     5.46267674E-06    2     1000022         2   # BR(~t_1 -> ~chi_10 u )
#           BR         NDA      ID1       ID2       ID3
     9.99285991E-01    3     1000022         5        24   # BR(~t_1 -> ~chi_10  b  W+)
#
#         PDG            Width
DECAY   2000006     1.46358959E+02   # stop2 decays
#          BR         NDA      ID1       ID2
     7.49661109E-03    2     1000022         6   # BR(~t_2 -> ~chi_10 t )
     1.31588010E-01    2     1000023         6   # BR(~t_2 -> ~chi_20 t )
     1.39707113E-01    2     1000025         6   # BR(~t_2 -> ~chi_30 t )
     6.28570486E-02    2     1000035         6   # BR(~t_2 -> ~chi_40 t )
     1.95869457E-02    2     1000024         5   # BR(~t_2 -> ~chi_1+ b )
     1.20477715E-01    2     1000037         5   # BR(~t_2 -> ~chi_2+ b )
     3.74675267E-01    2     1000021         6   # BR(~t_2 -> ~g      t )
     6.32620828E-02    2     1000006        25   # BR(~t_2 -> ~t_1    h )
     4.44753207E-03    2     1000006        35   # BR(~t_2 -> ~t_1    H )
     4.41279101E-03    2     1000006        36   # BR(~t_2 -> ~t_1    A )
     2.60726254E-07    2     1000005        37   # BR(~t_2 -> ~b_1    H+)
     7.12614255E-02    2     1000006        23   # BR(~t_2 -> ~t_1    Z )
     2.27197341E-04    2     1000005        24   # BR(~t_2 -> ~b_1    W+)
#
#         PDG            Width
DECAY   1000005     3.77420719E+00   # sbottom1 decays
#          BR         NDA      ID1       ID2
     2.83882792E-01    2     1000022         5   # BR(~b_1 -> ~chi_10 b )
     1.81556582E-01    2     1000023         5   # BR(~b_1 -> ~chi_20 b )
     1.77653182E-01    2     1000025         5   # BR(~b_1 -> ~chi_30 b )
     2.79183417E-04    2     1000035         5   # BR(~b_1 -> ~chi_40 b )
     3.54141434E-01    2    -1000024         6   # BR(~b_1 -> ~chi_1- t )
     5.31898121E-04    2    -1000037         6   # BR(~b_1 -> ~chi_2- t )
     1.95851764E-03    2     1000006       -37   # BR(~b_1 -> ~t_1    H-)
    -3.58965246E-06    2     1000006       -24   # BR(~b_1 -> ~t_1    W-)
#
#         PDG            Width
DECAY   2000005     1.50332951E+02   # sbottom2 decays
#          BR         NDA      ID1       ID2
     3.45294949E-03    2     1000022         5   # BR(~b_2 -> ~chi_10 b )
     7.00776180E-03    2     1000023         5   # BR(~b_2 -> ~chi_20 b )
     7.29290183E-03    2     1000025         5   # BR(~b_2 -> ~chi_30 b )
     5.95811288E-02    2     1000035         5   # BR(~b_2 -> ~chi_40 b )
     2.63612822E-01    2    -1000024         6   # BR(~b_2 -> ~chi_1- t )
     1.24259094E-01    2    -1000037         6   # BR(~b_2 -> ~chi_2- t )
     3.60388256E-01    2     1000021         5   # BR(~b_2 -> ~g      b )
     8.04240887E-05    2     1000005        25   # BR(~b_2 -> ~b_1    h )
     8.59189178E-03    2     1000006       -37   # BR(~b_2 -> ~t_1    H-)
     1.32833964E-04    2     1000005        23   # BR(~b_2 -> ~b_1    Z )
     1.65599935E-01    2     1000006       -24   # BR(~b_2 -> ~t_1    W-)
#
#         PDG            Width
DECAY   1000002     1.30571649E+01   # sup_L decays
#          BR         NDA      ID1       ID2
     1.66643417E-02    2     1000022         2   # BR(~u_L -> ~chi_10 u)
     1.00809345E-02    2     1000023         2   # BR(~u_L -> ~chi_20 u)
     4.13721057E-04    2     1000025         2   # BR(~u_L -> ~chi_30 u)
     3.19044682E-01    2     1000035         2   # BR(~u_L -> ~chi_40 u)
     1.86646458E-02    2     1000024         1   # BR(~u_L -> ~chi_1+ d)
     6.35131675E-01    2     1000037         1   # BR(~u_L -> ~chi_2+ d)
#
#         PDG            Width
DECAY   2000002     4.28604908E+00   # sup_R decays
#          BR         NDA      ID1       ID2
     9.52858560E-01    2     1000022         2   # BR(~u_R -> ~chi_10 u)
     4.55074701E-02    2     1000023         2   # BR(~u_R -> ~chi_20 u)
     1.61712741E-03    2     1000025         2   # BR(~u_R -> ~chi_30 u)
     1.68426882E-05    2     1000035         2   # BR(~u_R -> ~chi_40 u)
#
#         PDG            Width
DECAY   1000001     1.29920674E+01   # sdown_L decays
#          BR         NDA      ID1       ID2
     2.27852588E-02    2     1000022         1   # BR(~d_L -> ~chi_10 d)
     1.55331415E-03    2     1000023         1   # BR(~d_L -> ~chi_20 d)
     1.02085294E-03    2     1000025         1   # BR(~d_L -> ~chi_30 d)
     3.22533778E-01    2     1000035         1   # BR(~d_L -> ~chi_40 d)
     4.02266000E-03    2    -1000024         2   # BR(~d_L -> ~chi_1- u)
     6.48084136E-01    2    -1000037         2   # BR(~d_L -> ~chi_2- u)
#
#         PDG            Width
DECAY   2000001     1.07174398E+00   # sdown_R decays
#          BR         NDA      ID1       ID2
     9.52857316E-01    2     1000022         1   # BR(~d_R -> ~chi_10 d)
     4.55086657E-02    2     1000023         1   # BR(~d_R -> ~chi_20 d)
     1.61717034E-03    2     1000025         1   # BR(~d_R -> ~chi_30 d)
     1.68483151E-05    2     1000035         1   # BR(~d_R -> ~chi_40 d)
#
#         PDG            Width
DECAY   1000004     1.30571649E+01   # scharm_L decays
#          BR         NDA      ID1       ID2
     1.66643417E-02    2     1000022         4   # BR(~c_L -> ~chi_10 c)
     1.00809345E-02    2     1000023         4   # BR(~c_L -> ~chi_20 c)
     4.13721057E-04    2     1000025         4   # BR(~c_L -> ~chi_30 c)
     3.19044682E-01    2     1000035         4   # BR(~c_L -> ~chi_40 c)
     1.86646458E-02    2     1000024         3   # BR(~c_L -> ~chi_1+ s)
     6.35131675E-01    2     1000037         3   # BR(~c_L -> ~chi_2+ s)
#
#         PDG            Width
DECAY   2000004     4.28604908E+00   # scharm_R decays
#          BR         NDA      ID1       ID2
     9.52858560E-01    2     1000022         4   # BR(~c_R -> ~chi_10 c)
     4.55074701E-02    2     1000023         4   # BR(~c_R -> ~chi_20 c)
     1.61712741E-03    2     1000025         4   # BR(~c_R -> ~chi_30 c)
     1.68426882E-05    2     1000035         4   # BR(~c_R -> ~chi_40 c)
#
#         PDG            Width
DECAY   1000003     1.29920674E+01   # sstrange_L decays
#          BR         NDA      ID1       ID2
     2.27852588E-02    2     1000022         3   # BR(~s_L -> ~chi_10 s)
     1.55331415E-03    2     1000023         3   # BR(~s_L -> ~chi_20 s)
     1.02085294E-03    2     1000025         3   # BR(~s_L -> ~chi_30 s)
     3.22533778E-01    2     1000035         3   # BR(~s_L -> ~chi_40 s)
     4.02266000E-03    2    -1000024         4   # BR(~s_L -> ~chi_1- c)
     6.48084136E-01    2    -1000037         4   # BR(~s_L -> ~chi_2- c)
#
#         PDG            Width
DECAY   2000003     1.07174398E+00   # sstrange_R decays
#          BR         NDA      ID1       ID2
     9.52857316E-01    2     1000022         3   # BR(~s_R -> ~chi_10 s)
     4.55086657E-02    2     1000023         3   # BR(~s_R -> ~chi_20 s)
     1.61717034E-03    2     1000025         3   # BR(~s_R -> ~chi_30 s)
     1.68483151E-05    2     1000035         3   # BR(~s_R -> ~chi_40 s)
#
#         PDG            Width
DECAY   1000011     1.55192193E+01   # selectron_L decays
#          BR         NDA      ID1       ID2
     1.45281435E-01    2     1000022        11   # BR(~e_L -> ~chi_10 e-)
     2.26550209E-02    2     1000023        11   # BR(~e_L -> ~chi_20 e-)
     6.75824877E-05    2     1000025        11   # BR(~e_L -> ~chi_30 e-)
     2.73787689E-01    2     1000035        11   # BR(~e_L -> ~chi_40 e-)
     3.47383496E-03    2    -1000024        12   # BR(~e_L -> ~chi_1- nu_e)
     5.54734437E-01    2    -1000037        12   # BR(~e_L -> ~chi_2- nu_e)
#
#         PDG            Width
DECAY   2000011     9.96673500E+00   # selectron_R decays
#          BR         NDA      ID1       ID2
     9.52924421E-01    2     1000022        11   # BR(~e_R -> ~chi_10 e-)
     4.54440402E-02    2     1000023        11   # BR(~e_R -> ~chi_20 e-)
     1.61485479E-03    2     1000025        11   # BR(~e_R -> ~chi_30 e-)
     1.66839641E-05    2     1000035        11   # BR(~e_R -> ~chi_40 e-)
#
#         PDG            Width
DECAY   1000013     1.55192193E+01   # smuon_L decays
#          BR         NDA      ID1       ID2
     1.45281435E-01    2     1000022        13   # BR(~mu_L -> ~chi_10 mu-)
     2.26550209E-02    2     1000023        13   # BR(~mu_L -> ~chi_20 mu-)
     6.75824877E-05    2     1000025        13   # BR(~mu_L -> ~chi_30 mu-)
     2.73787689E-01    2     1000035        13   # BR(~mu_L -> ~chi_40 mu-)
     3.47383496E-03    2    -1000024        14   # BR(~mu_L -> ~chi_1- nu_mu)
     5.54734437E-01    2    -1000037        14   # BR(~mu_L -> ~chi_2- nu_mu)
#
#         PDG            Width
DECAY   2000013     9.96673500E+00   # smuon_R decays
#          BR         NDA      ID1       ID2
     9.52924421E-01    2     1000022        13   # BR(~mu_R -> ~chi_10 mu-)
     4.54440402E-02    2     1000023        13   # BR(~mu_R -> ~chi_20 mu-)
     1.61485479E-03    2     1000025        13   # BR(~mu_R -> ~chi_30 mu-)
     1.66839641E-05    2     1000035        13   # BR(~mu_R -> ~chi_40 mu-)
#
#         PDG            Width
DECAY   1000015     1.40500509E+01   # stau_1 decays
#          BR         NDA      ID1       ID2
     4.40270084E-01    2     1000022        15   # BR(~tau_1 -> ~chi_10  tau-)
     5.19643641E-02    2     1000023        15   # BR(~tau_1 -> ~chi_20  tau-)
     2.17312023E-02    2     1000025        15   # BR(~tau_1 -> ~chi_30  tau-)
     1.45596646E-01    2     1000035        15   # BR(~tau_1 -> ~chi_40  tau-)
     4.54000364E-02    2    -1000024        16   # BR(~tau_1 -> ~chi_1-  nu_tau)
     2.95037667E-01    2    -1000037        16   # BR(~tau_1 -> ~chi_2-  nu_tau)
#
#         PDG            Width
DECAY   2000015     1.38511175E+01   # stau_2 decays
#          BR         NDA      ID1       ID2
     4.05957015E-01    2     1000022        15   # BR(~tau_2 -> ~chi_10  tau-)
     5.99536413E-02    2     1000023        15   # BR(~tau_2 -> ~chi_20  tau-)
     3.66051255E-02    2     1000025        15   # BR(~tau_2 -> ~chi_30  tau-)
     1.59246877E-01    2     1000035        15   # BR(~tau_2 -> ~chi_40  tau-)
     1.57900064E-02    2    -1000024        16   # BR(~tau_2 -> ~chi_1-  nu_tau)
     3.22447335E-01    2    -1000037        16   # BR(~tau_2 -> ~chi_2-  nu_tau)
#
#         PDG            Width
DECAY   1000012     1.55505862E+01   # snu_eL decays
#          BR         NDA      ID1       ID2
     1.60461602E-01    2     1000022        12   # BR(~nu_eL -> ~chi_10 nu_e)
     4.11779402E-04    2     1000023        12   # BR(~nu_eL -> ~chi_20 nu_e)
     1.62942270E-03    2     1000025        12   # BR(~nu_eL -> ~chi_30 nu_e)
     2.76146908E-01    2     1000035        12   # BR(~nu_eL -> ~chi_40 nu_e)
     1.61640010E-02    2     1000024        11   # BR(~nu_eL -> ~chi_1+ e-)
     5.45186287E-01    2     1000037        11   # BR(~nu_eL -> ~chi_2+ e-)
#
#         PDG            Width
DECAY   1000014     1.55505862E+01   # snu_muL decays
#          BR         NDA      ID1       ID2
     1.60461602E-01    2     1000022        14   # BR(~nu_muL -> ~chi_10 nu_mu)
     4.11779402E-04    2     1000023        14   # BR(~nu_muL -> ~chi_20 nu_mu)
     1.62942270E-03    2     1000025        14   # BR(~nu_muL -> ~chi_30 nu_mu)
     2.76146908E-01    2     1000035        14   # BR(~nu_muL -> ~chi_40 nu_mu)
     1.61640010E-02    2     1000024        13   # BR(~nu_muL -> ~chi_1+ mu-)
     5.45186287E-01    2     1000037        13   # BR(~nu_muL -> ~chi_2+ mu-)
#
#         PDG            Width
DECAY   1000016     1.63548507E+01   # snu_tauL decays
#          BR         NDA      ID1       ID2
     1.52570758E-01    2     1000022        16   # BR(~nu_tauL -> ~chi_10 nu_tau)
     3.91529779E-04    2     1000023        16   # BR(~nu_tauL -> ~chi_20 nu_tau)
     1.54929437E-03    2     1000025        16   # BR(~nu_tauL -> ~chi_30 nu_tau)
     2.62567135E-01    2     1000035        16   # BR(~nu_tauL -> ~chi_40 nu_tau)
     6.44236790E-02    2     1000024        15   # BR(~nu_tauL -> ~chi_1+ tau-)
     5.18497604E-01    2     1000037        15   # BR(~nu_tauL -> ~chi_2+ tau-)
#
#         PDG            Width
DECAY   1000024     9.59708394E-01   # chargino1+ decays
#          BR         NDA      ID1       ID2
     8.50098976E-01    2     1000006        -5   # BR(~chi_1+ -> ~t_1     bb)
     1.49901024E-01    2     1000022        24   # BR(~chi_1+ -> ~chi_10  W+)
#
#         PDG            Width
DECAY   1000037     8.83596498E+00   # chargino2+ decays
#          BR         NDA      ID1       ID2
     5.57271490E-02    2     1000006        -5   # BR(~chi_2+ -> ~t_1     bb)
     2.38890541E-01    2     1000024        23   # BR(~chi_2+ -> ~chi_1+  Z )
     2.85158546E-03    2     1000022        24   # BR(~chi_2+ -> ~chi_10  W+)
     2.31389388E-01    2     1000023        24   # BR(~chi_2+ -> ~chi_20  W+)
     2.32690774E-01    2     1000025        24   # BR(~chi_2+ -> ~chi_30  W+)
     2.38450564E-01    2     1000024        25   # BR(~chi_2+ -> ~chi_1+  h )
#
#         PDG            Width
DECAY   1000022     0.00000000E+00   # neutralino1 decays
#
#         PDG            Width
DECAY   1000023     1.45721341E-01   # neutralino2 decays
#          BR         NDA      ID1       ID2
     7.61914676E-02    2     1000022        23   # BR(~chi_20 -> ~chi_10   Z )
     9.23808532E-01    2     1000022        25   # BR(~chi_20 -> ~chi_10   h )
#
#         PDG            Width
DECAY   1000025     1.38575727E-01   # neutralino3 decays
#          BR         NDA      ID1       ID2
     9.83658799E-01    2     1000022        23   # BR(~chi_30 -> ~chi_10   Z )
     1.63412011E-02    2     1000022        25   # BR(~chi_30 -> ~chi_10   h )
#
#         PDG            Width
DECAY   1000035     8.82057838E+00   # neutralino4 decays
#          BR         NDA      ID1       ID2
     4.51653355E-04    2     1000022        23   # BR(~chi_40 -> ~chi_10   Z )
     2.83037695E-02    2     1000023        23   # BR(~chi_40 -> ~chi_20   Z )
     2.08518874E-01    2     1000025        23   # BR(~chi_40 -> ~chi_30   Z )
     2.35550485E-01    2     1000024       -24   # BR(~chi_40 -> ~chi_1+   W-)
     2.35550485E-01    2    -1000024        24   # BR(~chi_40 -> ~chi_1-   W+)
     2.41904331E-03    2     1000022        25   # BR(~chi_40 -> ~chi_10   h )
     2.07574597E-01    2     1000023        25   # BR(~chi_40 -> ~chi_20   h )
     2.74529069E-02    2     1000025        25   # BR(~chi_40 -> ~chi_30   h )
     2.70890935E-02    2     1000006        -6   # BR(~chi_40 -> ~t_1      tb)
     2.70890935E-02    2    -1000006         6   # BR(~chi_40 -> ~t_1*     t )
#
#         PDG            Width
DECAY        25     3.95516223E-03   # h decays
#          BR         NDA      ID1       ID2
     6.65191488E-01    2           5        -5   # BR(h -> b       bb     )
     6.73427725E-02    2         -15        15   # BR(h -> tau+    tau-   )
     2.38354573E-04    2         -13        13   # BR(h -> mu+     mu-    )
     5.06965080E-04    2           3        -3   # BR(h -> s       sb     )
     2.09985673E-02    2           4        -4   # BR(h -> c       cb     )
     6.96855455E-02    2          21        21   # BR(h -> g       g      )
     2.13246338E-03    2          22        22   # BR(h -> gam     gam    )
     1.23963355E-03    2          22        23   # BR(h -> Z       gam    )
     1.53897945E-01    2          24       -24   # BR(h -> W+      W-     )
     1.87662654E-02    2          23        23   # BR(h -> Z       Z      )
#
#         PDG            Width
DECAY        35     4.09305712E+00   # H decays
#          BR         NDA      ID1       ID2
     6.69005048E-01    2           5        -5   # BR(H -> b       bb     )
     1.07006504E-01    2         -15        15   # BR(H -> tau+    tau-   )
     3.78270617E-04    2         -13        13   # BR(H -> mu+     mu-    )
     5.41967967E-04    2           3        -3   # BR(H -> s       sb     )
     5.70959816E-07    2           4        -4   # BR(H -> c       cb     )
     5.14170655E-02    2           6        -6   # BR(H -> t       tb     )
     7.52719312E-05    2          21        21   # BR(H -> g       g      )
     4.83001245E-07    2          22        22   # BR(H -> gam     gam    )
     7.83589080E-08    2          23        22   # BR(H -> Z       gam    )
     2.39202925E-04    2          24       -24   # BR(H -> W+      W-     )
     1.18297994E-04    2          23        23   # BR(H -> Z       Z      )
     7.82592288E-04    2          25        25   # BR(H -> h       h      )
     6.79603462E-23    2          36        36   # BR(H -> A       A      )
     6.63822322E-18    2          23        36   # BR(H -> Z       A      )
     5.24022831E-03    2     1000024  -1000024   # BR(H -> ~chi_1+ ~chi_1-)
     1.06183910E-02    2     1000022   1000022   # BR(H -> ~chi_10 ~chi_10)
     5.81715190E-05    2     1000023   1000023   # BR(H -> ~chi_20 ~chi_20)
     5.42623215E-04    2     1000025   1000025   # BR(H -> ~chi_30 ~chi_30)
     4.22439425E-02    2     1000022   1000023   # BR(H -> ~chi_10 ~chi_20)
     1.08850399E-01    2     1000022   1000025   # BR(H -> ~chi_10 ~chi_30)
     1.51387566E-03    2     1000023   1000025   # BR(H -> ~chi_20 ~chi_30)
     1.36701549E-03    2     1000006  -1000006   # BR(H -> ~t_1    ~t_1*  )
#
#         PDG            Width
DECAY        36     4.17884961E+00   # A decays
#          BR         NDA      ID1       ID2
     6.55471141E-01    2           5        -5   # BR(A -> b       bb     )
     1.04824093E-01    2         -15        15   # BR(A -> tau+    tau-   )
     3.70551078E-04    2         -13        13   # BR(A -> mu+     mu-    )
     5.31083795E-04    2           3        -3   # BR(A -> s       sb     )
     5.36424346E-07    2           4        -4   # BR(A -> c       cb     )
     5.26840611E-02    2           6        -6   # BR(A -> t       tb     )
     2.67257226E-04    2          21        21   # BR(A -> g       g      )
     5.42368080E-07    2          22        22   # BR(A -> gam     gam    )
     1.91802103E-07    2          23        22   # BR(A -> Z       gam    )
     2.26711070E-04    2          23        25   # BR(A -> Z       h      )
     1.98003394E-02    2     1000024  -1000024   # BR(A -> ~chi_1+ ~chi_1-)
     1.78300001E-02    2     1000022   1000022   # BR(A -> ~chi_10 ~chi_10)
     2.73558457E-04    2     1000023   1000023   # BR(A -> ~chi_20 ~chi_20)
     1.47762132E-03    2     1000025   1000025   # BR(A -> ~chi_30 ~chi_30)
     1.04105913E-01    2     1000022   1000023   # BR(A -> ~chi_10 ~chi_20)
     4.16786449E-02    2     1000022   1000025   # BR(A -> ~chi_10 ~chi_30)
     4.57754830E-04    2     1000023   1000025   # BR(A -> ~chi_20 ~chi_30)
#
#         PDG            Width
DECAY        37     3.93522642E+00   # H+ decays
#          BR         NDA      ID1       ID2
     1.07356410E-03    2           4        -5   # BR(H+ -> c       bb     )
     1.11650286E-01    2         -15        16   # BR(H+ -> tau+    nu_tau )
     3.94681518E-04    2         -13        14   # BR(H+ -> mu+     nu_mu  )
     6.87074039E-06    2           2        -5   # BR(H+ -> u       bb     )
     2.69510071E-05    2           2        -3   # BR(H+ -> u       sb     )
     5.54862207E-04    2           4        -3   # BR(H+ -> c       sb     )
     7.11443188E-01    2           6        -5   # BR(H+ -> t       bb     )
     2.44445155E-04    2          24        25   # BR(H+ -> W+      h      )
     8.43902805E-11    2          24        36   # BR(H+ -> W+      A      )
     1.63360228E-01    2     1000024   1000022   # BR(H+ -> ~chi_1+ ~chi_10)
     8.97611492E-03    2     1000024   1000023   # BR(H+ -> ~chi_1+ ~chi_20)
     2.26880879E-03    2     1000024   1000025   # BR(H+ -> ~chi_1+ ~chi_30)
